easeui/build/outputs/logs/manifest-merger-debug-report.txt
-- Merging decision tree log ---
manifest
ADDED from tongxunnicheng\easeui\AndroidManifest.xml:2:1-11:12
INJECTED from tongxunnicheng\easeui\AndroidManifest.xml:2:1-11:12
INJECTED from tongxunnicheng\easeui\AndroidManifest.xml:2:1-11:12
INJECTED from tongxunnicheng\easeui\AndroidManifest.xml:2:1-11:12
INJECTED from tongxunnicheng\easeui\AndroidManifest.xml:2:1-11:12
INJECTED from tongxunnicheng\easeui\AndroidManifest.xml:2:1-11:12
INJECTED from tongxunnicheng\easeui\AndroidManifest.xml:2:1-11:12
	package
		ADDED from tongxunnicheng\easeui\AndroidManifest.xml:3:5-35
		INJECTED from tongxunnicheng\easeui\AndroidManifest.xml
		INJECTED from tongxunnicheng\easeui\AndroidManifest.xml
	android:versionName
		ADDED from tongxunnicheng\easeui\AndroidManifest.xml:5:5-30
		INJECTED from tongxunnicheng\easeui\AndroidManifest.xml
		INJECTED from tongxunnicheng\easeui\AndroidManifest.xml
	xmlns:android
		ADDED from tongxunnicheng\easeui\AndroidManifest.xml:2:11-69
	android:versionCode
		ADDED from tongxunnicheng\easeui\AndroidManifest.xml:4:5-28
		INJECTED from tongxunnicheng\easeui\AndroidManifest.xml
		INJECTED from tongxunnicheng\easeui\AndroidManifest.xml
uses-sdk
INJECTED from tongxunnicheng\easeui\AndroidManifest.xml reason: use-sdk injection requested
INJECTED from tongxunnicheng\easeui\AndroidManifest.xml
INJECTED from tongxunnicheng\easeui\AndroidManifest.xml
INJECTED from tongxunnicheng\easeui\AndroidManifest.xml
INJECTED from tongxunnicheng\easeui\AndroidManifest.xml
	android:targetSdkVersion
		INJECTED from tongxunnicheng\easeui\AndroidManifest.xml
		ADDED from tongxunnicheng\easeui\AndroidManifest.xml
		INJECTED from tongxunnicheng\easeui\AndroidManifest.xml
	android:minSdkVersion
		INJECTED from tongxunnicheng\easeui\AndroidManifest.xml
		ADDED from tongxunnicheng\easeui\AndroidManifest.xml
		INJECTED from tongxunnicheng\easeui\AndroidManifest.xml